/usr/local/lib/python3.10/dist-packages/huggingface_hub/file_download.py:1150: FutureWarning: `resume_download` is deprecated and will be removed in version 1.0.0. Downloads always resume when possible. If you want to force a new download, use `force_download=True`.
  warnings.warn(
/usr/local/lib/python3.10/dist-packages/bitsandbytes/cuda_setup/main.py:149: UserWarning: /usr/lib64-nvidia did not contain ['libcudart.so', 'libcudart.so.11.0', 'libcudart.so.12.0'] as expected! Searching further paths...
  warn(msg)
/usr/local/lib/python3.10/dist-packages/bitsandbytes/cuda_setup/main.py:149: UserWarning: WARNING: The following directories listed in your path were found to be non-existent: {PosixPath('/sys/fs/cgroup/memory.events /var/colab/cgroup/jupyter-children/memory.events')}
  warn(msg)
/usr/local/lib/python3.10/dist-packages/bitsandbytes/cuda_setup/main.py:149: UserWarning: WARNING: The following directories listed in your path were found to be non-existent: {PosixPath('8013'), PosixPath('//172.28.0.1'), PosixPath('http')}
  warn(msg)
/usr/local/lib/python3.10/dist-packages/bitsandbytes/cuda_setup/main.py:149: UserWarning: WARNING: The following directories listed in your path were found to be non-existent: {PosixPath('//colab.research.google.com/tun/m/cc48301118ce562b961b3c22d803539adc1e0c19/gpu-t4-s-1kubjy2gekhnx --tunnel_background_save_delay=10s --tunnel_periodic_background_save_frequency=30m0s --enable_output_coalescing=true --output_coalescing_required=true'), PosixPath('--logtostderr --listen_host=172.28.0.12 --target_host=172.28.0.12 --tunnel_background_save_url=https')}
  warn(msg)
/usr/local/lib/python3.10/dist-packages/bitsandbytes/cuda_setup/main.py:149: UserWarning: WARNING: The following directories listed in your path were found to be non-existent: {PosixPath('/datalab/web/pyright/typeshed-fallback/stdlib,/usr/local/lib/python3.10/dist-packages')}
  warn(msg)
/usr/local/lib/python3.10/dist-packages/bitsandbytes/cuda_setup/main.py:149: UserWarning: WARNING: The following directories listed in your path were found to be non-existent: {PosixPath('/env/python')}
  warn(msg)
/usr/local/lib/python3.10/dist-packages/bitsandbytes/cuda_setup/main.py:149: UserWarning: WARNING: The following directories listed in your path were found to be non-existent: {PosixPath('module'), PosixPath('//ipykernel.pylab.backend_inline')}
  warn(msg)
2024-11-06 00:23:12.799589: E external/local_xla/xla/stream_executor/cuda/cuda_fft.cc:485] Unable to register cuFFT factory: Attempting to register factory for plugin cuFFT when one has already been registered
2024-11-06 00:23:12.819031: E external/local_xla/xla/stream_executor/cuda/cuda_dnn.cc:8454] Unable to register cuDNN factory: Attempting to register factory for plugin cuDNN when one has already been registered
2024-11-06 00:23:12.824879: E external/local_xla/xla/stream_executor/cuda/cuda_blas.cc:1452] Unable to register cuBLAS factory: Attempting to register factory for plugin cuBLAS when one has already been registered
2024-11-06 00:23:14.013923: W tensorflow/compiler/tf2tensorrt/utils/py_utils.cc:38] TF-TRT Warning: Could not find TensorRT
/usr/local/lib/python3.10/dist-packages/huggingface_hub/file_download.py:1150: FutureWarning: `resume_download` is deprecated and will be removed in version 1.0.0. Downloads always resume when possible. If you want to force a new download, use `force_download=True`.
  warnings.warn(
Working with deepseek-ai/deepseek-coder-6.7b-instruct prompt type True...

===================================BUG REPORT===================================
Welcome to bitsandbytes. For bug reports, please run

python -m bitsandbytes

 and submit this information together with your error trace to: https://github.com/TimDettmers/bitsandbytes/issues
================================================================================
bin /usr/local/lib/python3.10/dist-packages/bitsandbytes/libbitsandbytes_cuda122.so
CUDA_SETUP: WARNING! libcudart.so not found in any environmental path. Searching in backup paths...
CUDA SETUP: CUDA runtime path found: /usr/local/cuda/lib64/libcudart.so
CUDA SETUP: Highest compute capability among GPUs detected: 7.5
CUDA SETUP: Detected CUDA version 122
CUDA SETUP: Loading binary /usr/local/lib/python3.10/dist-packages/bitsandbytes/libbitsandbytes_cuda122.so...
Downloading shards:   0%|          | 0/2 [00:00<?, ?it/s]Downloading shards:  50%|█████     | 1/2 [03:57<03:57, 237.93s/it]Downloading shards: 100%|██████████| 2/2 [05:21<00:00, 147.35s/it]Downloading shards: 100%|██████████| 2/2 [05:21<00:00, 160.94s/it]
Loading checkpoint shards:   0%|          | 0/2 [00:00<?, ?it/s]Loading checkpoint shards:  50%|█████     | 1/2 [00:48<00:48, 48.39s/it]Loading checkpoint shards: 100%|██████████| 2/2 [01:05<00:00, 29.98s/it]Loading checkpoint shards: 100%|██████████| 2/2 [01:05<00:00, 32.74s/it]
Some weights of LlamaForCausalLM were not initialized from the model checkpoint at deepseek-ai/deepseek-coder-6.7b-instruct and are newly initialized: ['model.layers.28.self_attn.rotary_emb.inv_freq', 'model.layers.14.self_attn.rotary_emb.inv_freq', 'model.layers.29.self_attn.rotary_emb.inv_freq', 'model.layers.3.self_attn.rotary_emb.inv_freq', 'model.layers.0.self_attn.rotary_emb.inv_freq', 'model.layers.18.self_attn.rotary_emb.inv_freq', 'model.layers.4.self_attn.rotary_emb.inv_freq', 'model.layers.26.self_attn.rotary_emb.inv_freq', 'model.layers.22.self_attn.rotary_emb.inv_freq', 'model.layers.23.self_attn.rotary_emb.inv_freq', 'model.layers.9.self_attn.rotary_emb.inv_freq', 'model.layers.31.self_attn.rotary_emb.inv_freq', 'model.layers.2.self_attn.rotary_emb.inv_freq', 'model.layers.27.self_attn.rotary_emb.inv_freq', 'model.layers.13.self_attn.rotary_emb.inv_freq', 'model.layers.25.self_attn.rotary_emb.inv_freq', 'model.layers.15.self_attn.rotary_emb.inv_freq', 'model.layers.6.self_attn.rotary_emb.inv_freq', 'model.layers.1.self_attn.rotary_emb.inv_freq', 'model.layers.10.self_attn.rotary_emb.inv_freq', 'model.layers.12.self_attn.rotary_emb.inv_freq', 'model.layers.5.self_attn.rotary_emb.inv_freq', 'model.layers.20.self_attn.rotary_emb.inv_freq', 'model.layers.24.self_attn.rotary_emb.inv_freq', 'model.layers.8.self_attn.rotary_emb.inv_freq', 'model.layers.21.self_attn.rotary_emb.inv_freq', 'model.layers.17.self_attn.rotary_emb.inv_freq', 'model.layers.7.self_attn.rotary_emb.inv_freq', 'model.layers.30.self_attn.rotary_emb.inv_freq', 'model.layers.19.self_attn.rotary_emb.inv_freq', 'model.layers.11.self_attn.rotary_emb.inv_freq', 'model.layers.16.self_attn.rotary_emb.inv_freq']
You should probably TRAIN this model on a down-stream task to be able to use it for predictions and inference.
/usr/local/lib/python3.10/dist-packages/transformers/generation/utils.py:1270: UserWarning: You have modified the pretrained model configuration to control generation. This is a deprecated strategy to control generation and will be removed soon, in a future version. Please use a generation configuration file (see https://huggingface.co/docs/transformers/main_classes/text_generation )
  warnings.warn(
======================================= test session starts ========================================
platform linux -- Python 3.10.12, pytest-7.4.4, pluggy-1.5.0
rootdir: /content/CS598JBR-Team-1
plugins: cov-6.0.0, typeguard-4.4.0, anyio-3.7.1
collected 3 items

MP2/Testing_Info/True/81_test.py F..                                                         [100%]

============================================= FAILURES =============================================
___________________________________ test_numerical_letter_grade ____________________________________

    def test_numerical_letter_grade():
        grades = [4.0, 3.8, 3.2, 2.8, 2.2, 1.8, 1.2, 0.8, 0.2, 0.0]
        expected_output = ["A+", "A", "A-", "B+", "B", "B-", "C+", "C", "C-", "D+", "D", "D-", "E"]
>       assert numerical_letter_grade(grades) == expected_output
E       AssertionError: assert ['A+', 'A', '...C+', 'C', ...] == ['A+', 'A', '...B', 'B-', ...]
E         At index 2 diff: 'B+' != 'A-'
E         Right contains 3 more items, first extra item: 'D'
E         Use -v to get more diff

MP2/Testing_Info/True/81_test.py:7: AssertionError

---------- coverage: platform linux, python 3.10.12-final-0 ----------
Coverage JSON written to file MP2/Coverage/True/81_report.json

===================================== short test summary info ======================================
FAILED MP2/Testing_Info/True/81_test.py::test_numerical_letter_grade - AssertionError: assert ['A...
=================================== 1 failed, 2 passed in 0.17s ====================================
======================================= test session starts ========================================
platform linux -- Python 3.10.12, pytest-7.4.4, pluggy-1.5.0
rootdir: /content/CS598JBR-Team-1
plugins: cov-6.0.0, typeguard-4.4.0, anyio-3.7.1
collected 5 items

MP2/Testing_Info/True/101_test.py ...FF                                                      [100%]

============================================= FAILURES =============================================
________________________________ test_words_string_multiple_commas _________________________________

    def test_words_string_multiple_commas():
>       assert words_string("hello,,world") == ["hello", "", "world"]
E       AssertionError: assert ['hello', 'world'] == ['hello', '', 'world']
E         At index 1 diff: 'world' != ''
E         Right contains one more item: 'world'
E         Use -v to get more diff

MP2/Testing_Info/True/101_test.py:14: AssertionError
__________________________ test_words_string_leading_and_trailing_spaces ___________________________

    def test_words_string_leading_and_trailing_spaces():
>       assert words_string("   hello, world   ") == ["", "hello", "world", ""]
E       AssertionError: assert ['hello', 'world'] == ['', 'hello', 'world', '']
E         At index 0 diff: 'hello' != ''
E         Right contains 2 more items, first extra item: 'world'
E         Use -v to get more diff

MP2/Testing_Info/True/101_test.py:17: AssertionError

---------- coverage: platform linux, python 3.10.12-final-0 ----------
Coverage JSON written to file MP2/Coverage/True/101_report.json

===================================== short test summary info ======================================
FAILED MP2/Testing_Info/True/101_test.py::test_words_string_multiple_commas - AssertionError: ass...
FAILED MP2/Testing_Info/True/101_test.py::test_words_string_leading_and_trailing_spaces - Asserti...
=================================== 2 failed, 3 passed in 0.17s ====================================
======================================= test session starts ========================================
platform linux -- Python 3.10.12, pytest-7.4.4, pluggy-1.5.0
rootdir: /content/CS598JBR-Team-1
plugins: cov-6.0.0, typeguard-4.4.0, anyio-3.7.1
collected 1 item

MP2/Testing_Info/True/36_test.py F                                                           [100%]

============================================= FAILURES =============================================
__________________________________________ test_fizz_buzz __________________________________________

    def test_fizz_buzz():
        assert fizz_buzz(0) == 0
        assert fizz_buzz(1) == 0
        assert fizz_buzz(10) == 0
>       assert fizz_buzz(11) == 1
E       assert 0 == 1
E        +  where 0 = fizz_buzz(11)

MP2/Testing_Info/True/36_test.py:8: AssertionError

---------- coverage: platform linux, python 3.10.12-final-0 ----------
Coverage JSON written to file MP2/Coverage/True/36_report.json

===================================== short test summary info ======================================
FAILED MP2/Testing_Info/True/36_test.py::test_fizz_buzz - assert 0 == 1
======================================== 1 failed in 0.15s =========================================
Command executed:  ['pytest', 'MP2/Testing_Info/True/81_test.py', '--cov=MP2/Testing_Info/True', '--cov-report=json:MP2/Coverage/True/81_report.json']
Task_ID HumanEval/81:
prompt:
You are an AI programming assistant, utilizing the DeepSeek Coder model, developed by DeepSeek Company, and you only answer questions related to computer science. For politically sensitive questions, security and privacy issues, and other non-computer science questions, you will refuse to answer.

###Instruction:
Generate a pytest test suite for the following code.
Only write the unit tests in the output. Do NOT include the text from the prompt or the instructions.

def numerical_letter_grade(grades):
    

   
    letter_grade = []
    for gpa in grades:
        if gpa == 4.0:
            letter_grade.append("A+")
        elif gpa > 3.7:
            letter_grade.append("A")
        elif gpa > 3.3:
            letter_grade.append("A-")
        elif gpa > 3.0:
            letter_grade.append("B+")
        elif gpa > 2.7:
            letter_grade.append("B")
        elif gpa > 2.3:
            letter_grade.append("B-")
        elif gpa > 2.0:
            letter_grade.append("C+")
        elif gpa > 1.7:
            letter_grade.append("C")
        elif gpa > 1.3:
            letter_grade.append("C-")
        elif gpa > 1.0:
            letter_grade.append("D+")
        elif gpa > 0.7:
            letter_grade.append("D")
        elif gpa > 0.0:
            letter_grade.append("D-")
        else:
            letter_grade.append("E")
    return letter_grade

###Response
response:
You are an AI programming assistant, utilizing the DeepSeek Coder model, developed by DeepSeek Company, and you only answer questions related to computer science. For politically sensitive questions, security and privacy issues, and other non-computer science questions, you will refuse to answer.

###Instruction:
Generate a pytest test suite for the following code.
Only write the unit tests in the output. Do NOT include the text from the prompt or the instructions.

def numerical_letter_grade(grades):
    

   
    letter_grade = []
    for gpa in grades:
        if gpa == 4.0:
            letter_grade.append("A+")
        elif gpa > 3.7:
            letter_grade.append("A")
        elif gpa > 3.3:
            letter_grade.append("A-")
        elif gpa > 3.0:
            letter_grade.append("B+")
        elif gpa > 2.7:
            letter_grade.append("B")
        elif gpa > 2.3:
            letter_grade.append("B-")
        elif gpa > 2.0:
            letter_grade.append("C+")
        elif gpa > 1.7:
            letter_grade.append("C")
        elif gpa > 1.3:
            letter_grade.append("C-")
        elif gpa > 1.0:
            letter_grade.append("D+")
        elif gpa > 0.7:
            letter_grade.append("D")
        elif gpa > 0.0:
            letter_grade.append("D-")
        else:
            letter_grade.append("E")
    return letter_grade

###Response:
Sure, here is a pytest test suite for the given code:

```python
import pytest
from your_module import numerical_letter_grade

def test_numerical_letter_grade():
    grades = [4.0, 3.8, 3.2, 2.8, 2.2, 1.8, 1.2, 0.8, 0.2, 0.0]
    expected_output = ["A+", "A", "A-", "B+", "B", "B-", "C+", "C", "C-", "D+", "D", "D-", "E"]
    assert numerical_letter_grade(grades) == expected_output

def test_numerical_letter_grade_empty():
    grades = []
    expected_output = []
    assert numerical_letter_grade(grades) == expected_output

def test_numerical_letter_grade_negative():
    grades = [-1.0, -0.5]
    expected_output = ["E", "E"]
    assert numerical_letter_grade(grades) == expected_output
```

This test suite includes three tests:

1. `test_numerical_letter_grade` tests the function with a range of grades.
2. `test_numerical_letter_grade_empty` tests the function with an empty list.
3. `test_numerical_letter_grade_negative` tests the function with negative grades.

coverage:
89.65517241379311
Command executed:  ['pytest', 'MP2/Testing_Info/True/101_test.py', '--cov=MP2/Testing_Info/True', '--cov-report=json:MP2/Coverage/True/101_report.json']
Task_ID HumanEval/101:
prompt:
You are an AI programming assistant, utilizing the DeepSeek Coder model, developed by DeepSeek Company, and you only answer questions related to computer science. For politically sensitive questions, security and privacy issues, and other non-computer science questions, you will refuse to answer.

###Instruction:
Generate a pytest test suite for the following code.
Only write the unit tests in the output. Do NOT include the text from the prompt or the instructions.

def words_string(s):
    
    if not s:
        return []

    s_list = []

    for letter in s:
        if letter == ',':
            s_list.append(' ')
        else:
            s_list.append(letter)

    s_list = "".join(s_list)
    return s_list.split()

###Response
response:
You are an AI programming assistant, utilizing the DeepSeek Coder model, developed by DeepSeek Company, and you only answer questions related to computer science. For politically sensitive questions, security and privacy issues, and other non-computer science questions, you will refuse to answer.

###Instruction:
Generate a pytest test suite for the following code.
Only write the unit tests in the output. Do NOT include the text from the prompt or the instructions.

def words_string(s):
    
    if not s:
        return []

    s_list = []

    for letter in s:
        if letter == ',':
            s_list.append(' ')
        else:
            s_list.append(letter)

    s_list = "".join(s_list)
    return s_list.split()

###Response:
Here is a pytest test suite for the given code:

```python
import pytest
from your_module import words_string  # replace 'your_module' with the name of the module containing the words_string function

def test_words_string_empty_input():
    assert words_string("") == []

def test_words_string_single_word():
    assert words_string("hello") == ["hello"]

def test_words_string_multiple_words():
    assert words_string("hello,world") == ["hello", "world"]

def test_words_string_multiple_commas():
    assert words_string("hello,,world") == ["hello", "", "world"]

def test_words_string_leading_and_trailing_spaces():
    assert words_string("   hello, world   ") == ["", "hello", "world", ""]
```

Please replace 'your_module' with the name of the module containing the words_string function.

coverage:
100.0
Command executed:  ['pytest', 'MP2/Testing_Info/True/36_test.py', '--cov=MP2/Testing_Info/True', '--cov-report=json:MP2/Coverage/True/36_report.json']
======================================= test session starts ========================================
platform linux -- Python 3.10.12, pytest-7.4.4, pluggy-1.5.0
rootdir: /content/CS598JBR-Team-1
plugins: cov-6.0.0, typeguard-4.4.0, anyio-3.7.1
collected 4 items

MP2/Testing_Info/True/88_test.py ..F.                                                        [100%]

============================================= FAILURES =============================================
_____________________________________ test_sort_array_even_sum _____________________________________

    def test_sort_array_even_sum():
>       assert sort_array([5, 2, 1, 4, 3]) == [1, 2, 3, 4, 5]
E       assert [5, 4, 3, 2, 1] == [1, 2, 3, 4, 5]
E         At index 0 diff: 5 != 1
E         Use -v to get more diff

MP2/Testing_Info/True/88_test.py:11: AssertionError

---------- coverage: platform linux, python 3.10.12-final-0 ----------
Coverage JSON written to file MP2/Coverage/True/88_report.json

===================================== short test summary info ======================================
FAILED MP2/Testing_Info/True/88_test.py::test_sort_array_even_sum - assert [5, 4, 3, 2, 1] == [1,...
=================================== 1 failed, 3 passed in 0.15s ====================================
======================================= test session starts ========================================
platform linux -- Python 3.10.12, pytest-7.4.4, pluggy-1.5.0
rootdir: /content/CS598JBR-Team-1
plugins: cov-6.0.0, typeguard-4.4.0, anyio-3.7.1
collected 5 items

MP2/Testing_Info/True/54_test.py ....F                                                       [100%]

============================================= FAILURES =============================================
__________________________________ test_same_chars_different_case __________________________________

    def test_same_chars_different_case():
>       assert same_chars("Abc", "cba")
E       AssertionError: assert False
E        +  where False = same_chars('Abc', 'cba')

MP2/Testing_Info/True/54_test.py:17: AssertionError

---------- coverage: platform linux, python 3.10.12-final-0 ----------
Coverage JSON written to file MP2/Coverage/True/54_report.json

===================================== short test summary info ======================================
FAILED MP2/Testing_Info/True/54_test.py::test_same_chars_different_case - AssertionError: assert ...
=================================== 1 failed, 4 passed in 0.16s ====================================
======================================= test session starts ========================================
platform linux -- Python 3.10.12, pytest-7.4.4, pluggy-1.5.0
rootdir: /content/CS598JBR-Team-1
plugins: cov-6.0.0, typeguard-4.4.0, anyio-3.7.1
collected 1 item

MP2/Testing_Info/True/100_test.py .                                                          [100%]

---------- coverage: platform linux, python 3.10.12-final-0 ----------
Coverage JSON written to file MP2/Coverage/True/100_report.json


======================================== 1 passed in 0.13s =========================================
Task_ID HumanEval/36:
prompt:
You are an AI programming assistant, utilizing the DeepSeek Coder model, developed by DeepSeek Company, and you only answer questions related to computer science. For politically sensitive questions, security and privacy issues, and other non-computer science questions, you will refuse to answer.

###Instruction:
Generate a pytest test suite for the following code.
Only write the unit tests in the output. Do NOT include the text from the prompt or the instructions.


def fizz_buzz(n: int):
    
    ns = []
    for i in range(n):
        if i % 11 == 0 or i % 13 == 0:
            ns.append(i)
    s = ''.join(list(map(str, ns)))
    ans = 0
    for c in s:
        ans += (c == '7')
    return ans

###Response
response:
You are an AI programming assistant, utilizing the DeepSeek Coder model, developed by DeepSeek Company, and you only answer questions related to computer science. For politically sensitive questions, security and privacy issues, and other non-computer science questions, you will refuse to answer.

###Instruction:
Generate a pytest test suite for the following code.
Only write the unit tests in the output. Do NOT include the text from the prompt or the instructions.


def fizz_buzz(n: int):
    
    ns = []
    for i in range(n):
        if i % 11 == 0 or i % 13 == 0:
            ns.append(i)
    s = ''.join(list(map(str, ns)))
    ans = 0
    for c in s:
        ans += (c == '7')
    return ans

###Response:
Sure, here is a pytest test suite for the given code:

```python
import pytest
from your_module import fizz_buzz  # replace 'your_module' with the name of the module containing the fizz_buzz function

def test_fizz_buzz():
    assert fizz_buzz(0) == 0
    assert fizz_buzz(1) == 0
    assert fizz_buzz(10) == 0
    assert fizz_buzz(11) == 1
    assert fizz_buzz(13) == 1
    assert fizz_buzz(14) == 0
    assert fizz_buzz(20) == 0
    assert fizz_buzz(22) == 0
    assert fizz_buzz(26) == 0
    assert fizz_buzz(39) == 1
    assert fizz_buzz(44) == 0
    assert fizz_buzz(55) == 1
    assert fizz_buzz(60) == 0
    assert fizz_buzz(77) == 1
    assert fizz_buzz(88) == 0
    assert fizz_buzz(100) == 0
```

Please replace 'your_module' with the name of the module containing the fizz_buzz function.

coverage:
100.0
Command executed:  ['pytest', 'MP2/Testing_Info/True/88_test.py', '--cov=MP2/Testing_Info/True', '--cov-report=json:MP2/Coverage/True/88_report.json']
Task_ID HumanEval/88:
prompt:
You are an AI programming assistant, utilizing the DeepSeek Coder model, developed by DeepSeek Company, and you only answer questions related to computer science. For politically sensitive questions, security and privacy issues, and other non-computer science questions, you will refuse to answer.

###Instruction:
Generate a pytest test suite for the following code.
Only write the unit tests in the output. Do NOT include the text from the prompt or the instructions.

def sort_array(array):
    
    return [] if len(array) == 0 else sorted(array, reverse= (array[0]+array[-1]) % 2 == 0) 

###Response
response:
You are an AI programming assistant, utilizing the DeepSeek Coder model, developed by DeepSeek Company, and you only answer questions related to computer science. For politically sensitive questions, security and privacy issues, and other non-computer science questions, you will refuse to answer.

###Instruction:
Generate a pytest test suite for the following code.
Only write the unit tests in the output. Do NOT include the text from the prompt or the instructions.

def sort_array(array):
    
    return [] if len(array) == 0 else sorted(array, reverse= (array[0]+array[-1]) % 2 == 0) 

###Response:
Sure, here is a pytest test suite for the given code:

```python
import pytest
from your_module import sort_array  # replace 'your_module' with the name of the module where the function is defined

def test_sort_array_empty():
    assert sort_array([]) == []

def test_sort_array_single_element():
    assert sort_array([5]) == [5]

def test_sort_array_even_sum():
    assert sort_array([5, 2, 1, 4, 3]) == [1, 2, 3, 4, 5]

def test_sort_array_odd_sum():
    assert sort_array([5, 2, 1, 4, 3]) == [5, 4, 3, 2, 1]
```

Please replace 'your_module' with the actual name of the module where the function is defined.

coverage:
100.0
Command executed:  ['pytest', 'MP2/Testing_Info/True/54_test.py', '--cov=MP2/Testing_Info/True', '--cov-report=json:MP2/Coverage/True/54_report.json']
Task_ID HumanEval/54:
prompt:
You are an AI programming assistant, utilizing the DeepSeek Coder model, developed by DeepSeek Company, and you only answer questions related to computer science. For politically sensitive questions, security and privacy issues, and other non-computer science questions, you will refuse to answer.

###Instruction:
Generate a pytest test suite for the following code.
Only write the unit tests in the output. Do NOT include the text from the prompt or the instructions.


def same_chars(s0: str, s1: str):
    
    return set(s0) == set(s1)

###Response
response:
You are an AI programming assistant, utilizing the DeepSeek Coder model, developed by DeepSeek Company, and you only answer questions related to computer science. For politically sensitive questions, security and privacy issues, and other non-computer science questions, you will refuse to answer.

###Instruction:
Generate a pytest test suite for the following code.
Only write the unit tests in the output. Do NOT include the text from the prompt or the instructions.


def same_chars(s0: str, s1: str):
    
    return set(s0) == set(s1)

###Response:
Here is a pytest test suite for the given code:

```python
import pytest
from your_module import same_chars  # replace 'your_module' with the name of the module containing the 'same_chars' function

def test_same_chars_positive():
    assert same_chars("abc", "cba")

def test_same_chars_negative():
    assert not same_chars("abc", "abcd")

def test_same_chars_empty():
    assert same_chars("", "")

def test_same_chars_single_char():
    assert same_chars("a", "a")

def test_same_chars_different_case():
    assert same_chars("Abc", "cba")
```

This suite includes several tests to cover different scenarios:

- `test_same_chars_positive`: checks if the function correctly identifies strings that contain the same characters, regardless of order.
- `test_same_chars_negative`: checks if the function correctly identifies strings that do not contain the same characters.
- `test_same_chars_empty`: checks if the function correctly identifies empty strings.
- `test_same_chars_single_char`: checks if the function correctly identifies single-character strings.
- `test_same_chars_different_case`: checks if the function correctly identifies strings with different cases.

coverage:
100.0
Command executed:  ['pytest', 'MP2/Testing_Info/True/100_test.py', '--cov=MP2/Testing_Info/True', '--cov-report=json:MP2/Coverage/True/100_report.json']
======================================= test session starts ========================================
platform linux -- Python 3.10.12, pytest-7.4.4, pluggy-1.5.0
rootdir: /content/CS598JBR-Team-1
plugins: cov-6.0.0, typeguard-4.4.0, anyio-3.7.1
collected 5 items

MP2/Testing_Info/True/26_test.py ..FFF                                                       [100%]

============================================= FAILURES =============================================
_____________________________ test_remove_duplicates_multiple_elements _____________________________

    def test_remove_duplicates_multiple_elements():
>       assert remove_duplicates([1, 2, 2, 3, 3, 4]) == [1, 2, 3, 4]
E       assert [1, 4] == [1, 2, 3, 4]
E         At index 1 diff: 4 != 2
E         Right contains 2 more items, first extra item: 3
E         Use -v to get more diff

MP2/Testing_Info/True/26_test.py:12: AssertionError
_____________________________ test_remove_duplicates_negative_numbers ______________________________

    def test_remove_duplicates_negative_numbers():
>       assert remove_duplicates([-1, -2, -2, -1]) == [-1, -2]
E       assert [] == [-1, -2]
E         Right contains 2 more items, first extra item: -1
E         Use -v to get more diff

MP2/Testing_Info/True/26_test.py:15: AssertionError
______________________ test_remove_duplicates_mixed_positive_negative_numbers ______________________

    def test_remove_duplicates_mixed_positive_negative_numbers():
>       assert remove_duplicates([1, -1, 2, -2, -2, 1]) == [1, -1, 2, -2]
E       assert [-1, 2] == [1, -1, 2, -2]
E         At index 0 diff: -1 != 1
E         Right contains 2 more items, first extra item: 2
E         Use -v to get more diff

MP2/Testing_Info/True/26_test.py:18: AssertionError

---------- coverage: platform linux, python 3.10.12-final-0 ----------
Coverage JSON written to file MP2/Coverage/True/26_report.json

===================================== short test summary info ======================================
FAILED MP2/Testing_Info/True/26_test.py::test_remove_duplicates_multiple_elements - assert [1, 4]...
FAILED MP2/Testing_Info/True/26_test.py::test_remove_duplicates_negative_numbers - assert [] == [...
FAILED MP2/Testing_Info/True/26_test.py::test_remove_duplicates_mixed_positive_negative_numbers
=================================== 3 failed, 2 passed in 0.24s ====================================
======================================= test session starts ========================================
platform linux -- Python 3.10.12, pytest-7.4.4, pluggy-1.5.0
rootdir: /content/CS598JBR-Team-1
plugins: cov-6.0.0, typeguard-4.4.0, anyio-3.7.1
collected 0 items


---------- coverage: platform linux, python 3.10.12-final-0 ----------
Coverage JSON written to file MP2/Coverage/True/132_report.json

====================================== no tests ran in 0.19s =======================================
======================================= test session starts ========================================
platform linux -- Python 3.10.12, pytest-7.4.4, pluggy-1.5.0
rootdir: /content/CS598JBR-Team-1
plugins: cov-6.0.0, typeguard-4.4.0, anyio-3.7.1
collected 1 item

MP2/Testing_Info/True/46_test.py F                                                           [100%]

============================================= FAILURES =============================================
____________________________________________ test_fib4 _____________________________________________

    def test_fib4():
        assert fib4(0) == 0
        assert fib4(1) == 0
        assert fib4(2) == 2
        assert fib4(3) == 0
        assert fib4(4) == 2
>       assert fib4(5) == 2
E       assert 4 == 2
E        +  where 4 = fib4(5)

MP2/Testing_Info/True/46_test.py:10: AssertionError

---------- coverage: platform linux, python 3.10.12-final-0 ----------
Coverage JSON written to file MP2/Coverage/True/46_report.json

===================================== short test summary info ======================================
FAILED MP2/Testing_Info/True/46_test.py::test_fib4 - assert 4 == 2
======================================== 1 failed in 0.15s =========================================
Task_ID HumanEval/100:
prompt:
You are an AI programming assistant, utilizing the DeepSeek Coder model, developed by DeepSeek Company, and you only answer questions related to computer science. For politically sensitive questions, security and privacy issues, and other non-computer science questions, you will refuse to answer.

###Instruction:
Generate a pytest test suite for the following code.
Only write the unit tests in the output. Do NOT include the text from the prompt or the instructions.

def make_a_pile(n):
    
    return [n + 2*i for i in range(n)]

###Response
response:
You are an AI programming assistant, utilizing the DeepSeek Coder model, developed by DeepSeek Company, and you only answer questions related to computer science. For politically sensitive questions, security and privacy issues, and other non-computer science questions, you will refuse to answer.

###Instruction:
Generate a pytest test suite for the following code.
Only write the unit tests in the output. Do NOT include the text from the prompt or the instructions.

def make_a_pile(n):
    
    return [n + 2*i for i in range(n)]

###Response:
Sure, here is a pytest test suite for the given code:

```python
import pytest

def make_a_pile(n):
    return [n + 2*i for i in range(n)]

def test_make_a_pile():
    assert make_a_pile(5) == [5, 7, 9, 11, 13]
    assert make_a_pile(10) == [10, 12, 14, 16, 18, 20, 22, 24, 26, 28]
    assert make_a_pile(0) == []
    assert make_a_pile(-5) == []
```

This test suite includes a test for each possible input to the `make_a_pile` function. The tests check that the function returns the correct output for each input.

coverage:
0.0
Command executed:  ['pytest', 'MP2/Testing_Info/True/26_test.py', '--cov=MP2/Testing_Info/True', '--cov-report=json:MP2/Coverage/True/26_report.json']
Task_ID HumanEval/26:
prompt:
You are an AI programming assistant, utilizing the DeepSeek Coder model, developed by DeepSeek Company, and you only answer questions related to computer science. For politically sensitive questions, security and privacy issues, and other non-computer science questions, you will refuse to answer.

###Instruction:
Generate a pytest test suite for the following code.
Only write the unit tests in the output. Do NOT include the text from the prompt or the instructions.
from typing import List


def remove_duplicates(numbers: List[int]) -> List[int]:
    
    import collections
    c = collections.Counter(numbers)
    return [n for n in numbers if c[n] <= 1]

###Response
response:
You are an AI programming assistant, utilizing the DeepSeek Coder model, developed by DeepSeek Company, and you only answer questions related to computer science. For politically sensitive questions, security and privacy issues, and other non-computer science questions, you will refuse to answer.

###Instruction:
Generate a pytest test suite for the following code.
Only write the unit tests in the output. Do NOT include the text from the prompt or the instructions.
from typing import List


def remove_duplicates(numbers: List[int]) -> List[int]:
    
    import collections
    c = collections.Counter(numbers)
    return [n for n in numbers if c[n] <= 1]

###Response:
Here is a pytest test suite for the given code:

```python
import pytest
from typing import List
from your_module import remove_duplicates

def test_remove_duplicates_empty_list():
    assert remove_duplicates([]) == []

def test_remove_duplicates_single_element():
    assert remove_duplicates([1]) == [1]

def test_remove_duplicates_multiple_elements():
    assert remove_duplicates([1, 2, 2, 3, 3, 4]) == [1, 2, 3, 4]

def test_remove_duplicates_negative_numbers():
    assert remove_duplicates([-1, -2, -2, -1]) == [-1, -2]

def test_remove_duplicates_mixed_positive_negative_numbers():
    assert remove_duplicates([1, -1, 2, -2, -2, 1]) == [1, -1, 2, -2]
```

Please replace `your_module` with the actual name of the module where the `remove_duplicates` function is defined.

coverage:
100.0
Command executed:  ['pytest', 'MP2/Testing_Info/True/132_test.py', '--cov=MP2/Testing_Info/True', '--cov-report=json:MP2/Coverage/True/132_report.json']
Task_ID HumanEval/132:
prompt:
You are an AI programming assistant, utilizing the DeepSeek Coder model, developed by DeepSeek Company, and you only answer questions related to computer science. For politically sensitive questions, security and privacy issues, and other non-computer science questions, you will refuse to answer.

###Instruction:
Generate a pytest test suite for the following code.
Only write the unit tests in the output. Do NOT include the text from the prompt or the instructions.

def is_nested(string):
    
    opening_bracket_index = []
    closing_bracket_index = []
    for i in range(len(string)):
        if string[i] == '[':
            opening_bracket_index.append(i)
        else:
            closing_bracket_index.append(i)
    closing_bracket_index.reverse()
    cnt = 0
    i = 0
    l = len(closing_bracket_index)
    for idx in opening_bracket_index:
        if i < l and idx < closing_bracket_index[i]:
            cnt += 1
            i += 1
    return cnt >= 2

    

###Response
response:
You are an AI programming assistant, utilizing the DeepSeek Coder model, developed by DeepSeek Company, and you only answer questions related to computer science. For politically sensitive questions, security and privacy issues, and other non-computer science questions, you will refuse to answer.

###Instruction:
Generate a pytest test suite for the following code.
Only write the unit tests in the output. Do NOT include the text from the prompt or the instructions.

def is_nested(string):
    
    opening_bracket_index = []
    closing_bracket_index = []
    for i in range(len(string)):
        if string[i] == '[':
            opening_bracket_index.append(i)
        else:
            closing_bracket_index.append(i)
    closing_bracket_index.reverse()
    cnt = 0
    i = 0
    l = len(closing_bracket_index)
    for idx in opening_bracket_index:
        if i < l and idx < closing_bracket_index[i]:
            cnt += 1
            i += 1
    return cnt >= 2

    

###Response:
def test_is_nested():
    assert is_nested("[[]]") == True
    assert is_nested("[]") == True
    assert is_nested("[[]][]") == True
    assert is_nested("[[][]]") == True
    assert is_nested("[][]") == True
    assert is_nested("[[][][]]") == True
    assert is_nested("[[[]]]") == True
    assert is_nested("[[[]][]]") == True
    assert is_nested("[[[][]][]]") == True
    assert is_nested("[[[[[[[]]]]]]") == True
    assert is_nested("[[[[[]]]]]") == True
    assert is_nested("[[[[[]]]]]]") == False
    assert is_nested("[[[[[[[]]]]]") == False
    assert is_nested("[[[[[[[]]]]]]]") == True
    assert is_nested("[[[[[[[[[]]]]]]]]") == True
    assert is_nested("[[[[[[[[[]]]]]]]]]") == True
    assert is_nested("[[[[[[[[[[[[[]]]]]]]]]]]") == True
    assert is_nested("[[[[[[[[[[[[[]]]]]]]]]]]]") == False
    assert is_nested("[[[[[[[[[[[[[[[]]]]]]]]]]]]]") == True
    assert is_nested("[[[[[[[[[[[[[[[]]]]]]]]]]]]]]") == False
    assert is_nested("[[[[[[[[[[[[[[[[[]]]]]]]]]]]]]]]") == True
    assert is_nested("[[[[[[[[[[[[[[[[[]]]]]]]]]]]]]]]]") == False
    assert is_nested("[[[[[[[[[[[[[[[[[[[]]]]]]]]]]]]]]]]]") == True
    assert is_nested("[[[[[[[[[[[[[[[[[[[]]]]]]]]]]]]]]]]]]") == False
    assert is_nested("[[[[[[[[[[[[[[[[[[[[[]]]
coverage:
0.0
Command executed:  ['pytest', 'MP2/Testing_Info/True/46_test.py', '--cov=MP2/Testing_Info/True', '--cov-report=json:MP2/Coverage/True/46_report.json']
======================================= test session starts ========================================
platform linux -- Python 3.10.12, pytest-7.4.4, pluggy-1.5.0
rootdir: /content/CS598JBR-Team-1
plugins: cov-6.0.0, typeguard-4.4.0, anyio-3.7.1
collected 1 item

MP2/Testing_Info/True/83_test.py .                                                           [100%]

---------- coverage: platform linux, python 3.10.12-final-0 ----------
Coverage JSON written to file MP2/Coverage/True/83_report.json


======================================== 1 passed in 0.14s =========================================
======================================= test session starts ========================================
platform linux -- Python 3.10.12, pytest-7.4.4, pluggy-1.5.0
rootdir: /content/CS598JBR-Team-1
plugins: cov-6.0.0, typeguard-4.4.0, anyio-3.7.1
collected 0 items


---------- coverage: platform linux, python 3.10.12-final-0 ----------
Coverage JSON written to file MP2/Coverage/True/123_report.json

====================================== no tests ran in 0.11s =======================================
======================================= test session starts ========================================
platform linux -- Python 3.10.12, pytest-7.4.4, pluggy-1.5.0
rootdir: /content/CS598JBR-Team-1
plugins: cov-6.0.0, typeguard-4.4.0, anyio-3.7.1
collected 0 items


---------- coverage: platform linux, python 3.10.12-final-0 ----------
Coverage JSON written to file MP2/Coverage/True/40_report.json

====================================== no tests ran in 0.16s =======================================
Task_ID HumanEval/46:
prompt:
You are an AI programming assistant, utilizing the DeepSeek Coder model, developed by DeepSeek Company, and you only answer questions related to computer science. For politically sensitive questions, security and privacy issues, and other non-computer science questions, you will refuse to answer.

###Instruction:
Generate a pytest test suite for the following code.
Only write the unit tests in the output. Do NOT include the text from the prompt or the instructions.


def fib4(n: int):
    
    results = [0, 0, 2, 0]
    if n < 4:
        return results[n]

    for _ in range(4, n + 1):
        results.append(results[-1] + results[-2] + results[-3] + results[-4])
        results.pop(0)

    return results[-1]

###Response
response:
You are an AI programming assistant, utilizing the DeepSeek Coder model, developed by DeepSeek Company, and you only answer questions related to computer science. For politically sensitive questions, security and privacy issues, and other non-computer science questions, you will refuse to answer.

###Instruction:
Generate a pytest test suite for the following code.
Only write the unit tests in the output. Do NOT include the text from the prompt or the instructions.


def fib4(n: int):
    
    results = [0, 0, 2, 0]
    if n < 4:
        return results[n]

    for _ in range(4, n + 1):
        results.append(results[-1] + results[-2] + results[-3] + results[-4])
        results.pop(0)

    return results[-1]

###Response:
Sure, here is a pytest test suite for the given code:

```python
import pytest
from your_module import fib4  # replace 'your_module' with the name of the module containing the fib4 function

def test_fib4():
    assert fib4(0) == 0
    assert fib4(1) == 0
    assert fib4(2) == 2
    assert fib4(3) == 0
    assert fib4(4) == 2
    assert fib4(5) == 2
    assert fib4(6) == 6
    assert fib4(7) == 6
    assert fib4(8) == 16
    assert fib4(9) == 16
    assert fib4(10) == 42
    assert fib4(11) == 42
    assert fib4(12) == 104
    assert fib4(13) == 104
    assert fib4(14) == 272
    assert fib4(15) == 272
    assert fib4(16) == 754
    assert fib4(17) == 754
    assert fib4(18) == 2032
    assert fib4(19) == 2032
    assert fib4(20) == 5376
```

Please replace 'your_module' with the actual name of the module containing the fib4 function.

coverage:
100.0
Command executed:  ['pytest', 'MP2/Testing_Info/True/83_test.py', '--cov=MP2/Testing_Info/True', '--cov-report=json:MP2/Coverage/True/83_report.json']
Task_ID HumanEval/83:
prompt:
You are an AI programming assistant, utilizing the DeepSeek Coder model, developed by DeepSeek Company, and you only answer questions related to computer science. For politically sensitive questions, security and privacy issues, and other non-computer science questions, you will refuse to answer.

###Instruction:
Generate a pytest test suite for the following code.
Only write the unit tests in the output. Do NOT include the text from the prompt or the instructions.

def starts_one_ends(n):
    
    if n == 1: return 1
    return 18 * (10 ** (n - 2))

###Response
response:
You are an AI programming assistant, utilizing the DeepSeek Coder model, developed by DeepSeek Company, and you only answer questions related to computer science. For politically sensitive questions, security and privacy issues, and other non-computer science questions, you will refuse to answer.

###Instruction:
Generate a pytest test suite for the following code.
Only write the unit tests in the output. Do NOT include the text from the prompt or the instructions.

def starts_one_ends(n):
    
    if n == 1: return 1
    return 18 * (10 ** (n - 2))

###Response:
Sure, here is a pytest test suite for the given code:

```python
import pytest
from your_module import starts_one_ends  # replace 'your_module' with the actual module name

def test_starts_one_ends():
    assert starts_one_ends(1) == 1
    assert starts_one_ends(2) == 18
    assert starts_one_ends(3) == 180
    assert starts_one_ends(4) == 1800
    assert starts_one_ends(5) == 18000
```

This test suite covers a variety of cases for the `starts_one_ends` function. It checks the function with inputs of 1, 2, 3, 4, and 5. The expected output for each input is calculated manually and asserted against the actual output of the function.

coverage:
100.0
Command executed:  ['pytest', 'MP2/Testing_Info/True/123_test.py', '--cov=MP2/Testing_Info/True', '--cov-report=json:MP2/Coverage/True/123_report.json']
Task_ID HumanEval/123:
prompt:
You are an AI programming assistant, utilizing the DeepSeek Coder model, developed by DeepSeek Company, and you only answer questions related to computer science. For politically sensitive questions, security and privacy issues, and other non-computer science questions, you will refuse to answer.

###Instruction:
Generate a pytest test suite for the following code.
Only write the unit tests in the output. Do NOT include the text from the prompt or the instructions.

def get_odd_collatz(n):
    
    if n%2==0:
        odd_collatz = [] 
    else:
        odd_collatz = [n]
    while n > 1:
        if n % 2 == 0:
            n = n/2
        else:
            n = n*3 + 1
            
        if n%2 == 1:
            odd_collatz.append(int(n))

    return sorted(odd_collatz)

###Response
response:
You are an AI programming assistant, utilizing the DeepSeek Coder model, developed by DeepSeek Company, and you only answer questions related to computer science. For politically sensitive questions, security and privacy issues, and other non-computer science questions, you will refuse to answer.

###Instruction:
Generate a pytest test suite for the following code.
Only write the unit tests in the output. Do NOT include the text from the prompt or the instructions.

def get_odd_collatz(n):
    
    if n%2==0:
        odd_collatz = [] 
    else:
        odd_collatz = [n]
    while n > 1:
        if n % 2 == 0:
            n = n/2
        else:
            n = n*3 + 1
            
        if n%2 == 1:
            odd_collatz.append(int(n))

    return sorted(odd_collatz)

###Response:
def test_get_odd_collatz():
    assert get_odd_collatz(1) == [1]
    assert get_odd_collatz(2) == []
    assert get_odd_collatz(3) == [5]
    assert get_odd_collatz(4) == [1]
    assert get_odd_collatz(5) == [5]
    assert get_odd_collatz(6) == [1]
    assert get_odd_collatz(7) == [5]
    assert get_odd_collatz(8) == [1]
    assert get_odd_collatz(9) == [5]
    assert get_odd_collatz(10) == [1]
    assert get_odd_collatz(11) == [5]
    assert get_odd_collatz(12) == [1]
    assert get_odd_collatz(13) == [5]
    assert get_odd_collatz(14) == [1]
    assert get_odd_collatz(15) == [5]
    assert get_odd_collatz(16) == [1]
    assert get_odd_collatz(17) == [5]
    assert get_odd_collatz(18) == [1]
    assert get_odd_collatz(19) == [5]
    assert get_odd_collatz(20) == [1]
    assert get_odd_collatz(21) == [5]
    assert get_odd_collatz(22) == [1]
    assert get_odd_collatz(23) == [5]
    assert get_odd_collatz(24) == [1]
    assert get_odd_collatz(25) == [5]
    assert get_odd_collatz(26) == [1]
    assert get_odd_collatz(27) == [5]
    assert get_odd_collatz(2
coverage:
0.0
Command executed:  ['pytest', 'MP2/Testing_Info/True/40_test.py', '--cov=MP2/Testing_Info/True', '--cov-report=json:MP2/Coverage/True/40_report.json']
======================================= test session starts ========================================
platform linux -- Python 3.10.12, pytest-7.4.4, pluggy-1.5.0
rootdir: /content/CS598JBR-Team-1
plugins: cov-6.0.0, typeguard-4.4.0, anyio-3.7.1
collected 1 item

MP2/Testing_Info/True/75_test.py .                                                           [100%]

---------- coverage: platform linux, python 3.10.12-final-0 ----------
Coverage JSON written to file MP2/Coverage/True/75_report.json


======================================== 1 passed in 0.65s =========================================
======================================= test session starts ========================================
platform linux -- Python 3.10.12, pytest-7.4.4, pluggy-1.5.0
rootdir: /content/CS598JBR-Team-1
plugins: cov-6.0.0, typeguard-4.4.0, anyio-3.7.1
collected 4 items

MP2/Testing_Info/True/52_test.py ....                                                        [100%]

---------- coverage: platform linux, python 3.10.12-final-0 ----------
Coverage JSON written to file MP2/Coverage/True/52_report.json


======================================== 4 passed in 0.12s =========================================
======================================= test session starts ========================================
platform linux -- Python 3.10.12, pytest-7.4.4, pluggy-1.5.0
rootdir: /content/CS598JBR-Team-1
plugins: cov-6.0.0, typeguard-4.4.0, anyio-3.7.1
collected 1 item

MP2/Testing_Info/True/55_test.py .                                                           [100%]

---------- coverage: platform linux, python 3.10.12-final-0 ----------
Coverage JSON written to file MP2/Coverage/True/55_report.json


======================================== 1 passed in 0.11s =========================================
Task_ID HumanEval/40:
prompt:
You are an AI programming assistant, utilizing the DeepSeek Coder model, developed by DeepSeek Company, and you only answer questions related to computer science. For politically sensitive questions, security and privacy issues, and other non-computer science questions, you will refuse to answer.

###Instruction:
Generate a pytest test suite for the following code.
Only write the unit tests in the output. Do NOT include the text from the prompt or the instructions.


def triples_sum_to_zero(l: list):
    
    for i in range(len(l)):
        for j in range(i + 1, len(l)):
            for k in range(j + 1, len(l)):
                if l[i] + l[j] + l[k] == 0:
                    return True
    return False

###Response
response:
You are an AI programming assistant, utilizing the DeepSeek Coder model, developed by DeepSeek Company, and you only answer questions related to computer science. For politically sensitive questions, security and privacy issues, and other non-computer science questions, you will refuse to answer.

###Instruction:
Generate a pytest test suite for the following code.
Only write the unit tests in the output. Do NOT include the text from the prompt or the instructions.


def triples_sum_to_zero(l: list):
    
    for i in range(len(l)):
        for j in range(i + 1, len(l)):
            for k in range(j + 1, len(l)):
                if l[i] + l[j] + l[k] == 0:
                    return True
    return False

###Response:
def test_triples_sum_to_zero():
    assert triples_sum_to_zero([0, 1, -1]) == True
    assert triples_sum_to_zero([1, 2, -3]) == False
    assert triplesum_to_zero([0, 0, 0]) == True
    assert triples_sum_to_zero([1, 2, 3]) == False
    assert triples_sum_to_zero([-1, -2, -3]) == False
    assert triples_sum_to_zero([1, 2, 3, 4, 5, 6, 7, 8, 9, 10, -1, -2, -3, -4, -5, -6, -7, -8, -9, -10]) == False

coverage:
0.0
Command executed:  ['pytest', 'MP2/Testing_Info/True/75_test.py', '--cov=MP2/Testing_Info/True', '--cov-report=json:MP2/Coverage/True/75_report.json']
Task_ID HumanEval/75:
prompt:
You are an AI programming assistant, utilizing the DeepSeek Coder model, developed by DeepSeek Company, and you only answer questions related to computer science. For politically sensitive questions, security and privacy issues, and other non-computer science questions, you will refuse to answer.

###Instruction:
Generate a pytest test suite for the following code.
Only write the unit tests in the output. Do NOT include the text from the prompt or the instructions.

def is_multiply_prime(a):
    
    def is_prime(n):
        for j in range(2,n):
            if n%j == 0:
                return False
        return True

    for i in range(2,101):
        if not is_prime(i): continue
        for j in range(2,101):
            if not is_prime(j): continue
            for k in range(2,101):
                if not is_prime(k): continue
                if i*j*k == a: return True
    return False

###Response
response:
You are an AI programming assistant, utilizing the DeepSeek Coder model, developed by DeepSeek Company, and you only answer questions related to computer science. For politically sensitive questions, security and privacy issues, and other non-computer science questions, you will refuse to answer.

###Instruction:
Generate a pytest test suite for the following code.
Only write the unit tests in the output. Do NOT include the text from the prompt or the instructions.

def is_multiply_prime(a):
    
    def is_prime(n):
        for j in range(2,n):
            if n%j == 0:
                return False
        return True

    for i in range(2,101):
        if not is_prime(i): continue
        for j in range(2,101):
            if not is_prime(j): continue
            for k in range(2,101):
                if not is_prime(k): continue
                if i*j*k == a: return True
    return False

###Response:
Sure, here is a pytest test suite for the given code:

```python
import pytest

def is_multiply_prime(a):
    def is_prime(n):
        for j in range(2,n):
            if n%j == 0:
                return False
        return True

    for i in range(2,101):
        if not is_prime(i): continue
        for j in range(2,101):
            if not is_prime(j): continue
            for k in range(2,101):
                if not is_prime(k): continue
                if i*j*k == a: return True
    return False

def test_is_multiply_prime():
    assert is_multiply_prime(30) == True
    assert is_multiply_prime(100) == False
    assert is_multiply_prime(125) == True
    assert is_multiply_prime(150) == False
```

In this test suite, we have 4 test cases. The first 2 test cases are for the case where the input is 30 and 100 respectively. The second 2 test cases are for the case where the input is 125 and 150 respectively.

coverage:
0.0
Command executed:  ['pytest', 'MP2/Testing_Info/True/52_test.py', '--cov=MP2/Testing_Info/True', '--cov-report=json:MP2/Coverage/True/52_report.json']
Task_ID HumanEval/52:
prompt:
You are an AI programming assistant, utilizing the DeepSeek Coder model, developed by DeepSeek Company, and you only answer questions related to computer science. For politically sensitive questions, security and privacy issues, and other non-computer science questions, you will refuse to answer.

###Instruction:
Generate a pytest test suite for the following code.
Only write the unit tests in the output. Do NOT include the text from the prompt or the instructions.


def below_threshold(l: list, t: int):
    
    for e in l:
        if e >= t:
            return False
    return True

###Response
response:
You are an AI programming assistant, utilizing the DeepSeek Coder model, developed by DeepSeek Company, and you only answer questions related to computer science. For politically sensitive questions, security and privacy issues, and other non-computer science questions, you will refuse to answer.

###Instruction:
Generate a pytest test suite for the following code.
Only write the unit tests in the output. Do NOT include the text from the prompt or the instructions.


def below_threshold(l: list, t: int):
    
    for e in l:
        if e >= t:
            return False
    return True

###Response:
Sure, here is a pytest test suite for the given code:

```python
import pytest
from your_module import below_threshold  # replace 'your_module' with the actual module name

def test_below_threshold_all_below():
    assert below_threshold([1, 2, 3], 5)

def test_below_threshold_some_above():
    assert not below_threshold([1, 2, 5], 4)

def test_below_threshold_all_above():
    assert not below_threshold([5, 6, 7], 4)

def test_below_threshold_empty_list():
    assert below_threshold([], 4)
```

Please replace 'your_module' with the actual module name where the `below_threshold` function is defined.

coverage:
100.0
Command executed:  ['pytest', 'MP2/Testing_Info/True/55_test.py', '--cov=MP2/Testing_Info/True', '--cov-report=json:MP2/Coverage/True/55_report.json']
======================================= test session starts ========================================
platform linux -- Python 3.10.12, pytest-7.4.4, pluggy-1.5.0
rootdir: /content/CS598JBR-Team-1
plugins: cov-6.0.0, typeguard-4.4.0, anyio-3.7.1
collected 4 items

MP2/Testing_Info/True/23_test.py ....                                                        [100%]

---------- coverage: platform linux, python 3.10.12-final-0 ----------
Coverage JSON written to file MP2/Coverage/True/23_report.json


======================================== 4 passed in 0.11s =========================================
======================================= test session starts ========================================
platform linux -- Python 3.10.12, pytest-7.4.4, pluggy-1.5.0
rootdir: /content/CS598JBR-Team-1
plugins: cov-6.0.0, typeguard-4.4.0, anyio-3.7.1
collected 1 item

MP2/Testing_Info/True/102_test.py F                                                          [100%]

============================================= FAILURES =============================================
_________________________________________ test_choose_num __________________________________________

    def test_choose_num():
>       assert choose_num(5, 10) == 9
E       assert 10 == 9
E        +  where 10 = choose_num(5, 10)

MP2/Testing_Info/True/102_test.py:13: AssertionError

---------- coverage: platform linux, python 3.10.12-final-0 ----------
Coverage JSON written to file MP2/Coverage/True/102_report.json

===================================== short test summary info ======================================
FAILED MP2/Testing_Info/True/102_test.py::test_choose_num - assert 10 == 9
======================================== 1 failed in 0.13s =========================================
======================================= test session starts ========================================
platform linux -- Python 3.10.12, pytest-7.4.4, pluggy-1.5.0
rootdir: /content/CS598JBR-Team-1
plugins: cov-6.0.0, typeguard-4.4.0, anyio-3.7.1
collected 0 items


---------- coverage: platform linux, python 3.10.12-final-0 ----------
Coverage JSON written to file MP2/Coverage/True/21_report.json

====================================== no tests ran in 0.11s =======================================
Task_ID HumanEval/55:
prompt:
You are an AI programming assistant, utilizing the DeepSeek Coder model, developed by DeepSeek Company, and you only answer questions related to computer science. For politically sensitive questions, security and privacy issues, and other non-computer science questions, you will refuse to answer.

###Instruction:
Generate a pytest test suite for the following code.
Only write the unit tests in the output. Do NOT include the text from the prompt or the instructions.


def fib(n: int):
    
    if n == 0:
        return 0
    if n == 1:
        return 1
    return fib(n - 1) + fib(n - 2)

###Response
response:
You are an AI programming assistant, utilizing the DeepSeek Coder model, developed by DeepSeek Company, and you only answer questions related to computer science. For politically sensitive questions, security and privacy issues, and other non-computer science questions, you will refuse to answer.

###Instruction:
Generate a pytest test suite for the following code.
Only write the unit tests in the output. Do NOT include the text from the prompt or the instructions.


def fib(n: int):
    
    if n == 0:
        return 0
    if n == 1:
        return 1
    return fib(n - 1) + fib(n - 2)

###Response:
Here is a pytest test suite for the given code:

```python
import pytest

def fib(n: int):
    if n == 0:
        return 0
    if n == 1:
        return 1
    return fib(n - 1) + fib(n - 2)

def test_fib():
    assert fib(0) == 0
    assert fib(1) == 1
    assert fib(2) == 1
    assert fib(3) == 2
    assert fib(4) == 3
    assert fib(5) == 5
    assert fib(10) == 55
```

This test suite includes a variety of test cases to ensure the function behaves as expected. It tests the function with inputs of 0, 1, 2, 3, 4, 5, and 10, and checks that the function returns the correct Fibonacci number for each input.

coverage:
0.0
Command executed:  ['pytest', 'MP2/Testing_Info/True/23_test.py', '--cov=MP2/Testing_Info/True', '--cov-report=json:MP2/Coverage/True/23_report.json']
Task_ID HumanEval/23:
prompt:
You are an AI programming assistant, utilizing the DeepSeek Coder model, developed by DeepSeek Company, and you only answer questions related to computer science. For politically sensitive questions, security and privacy issues, and other non-computer science questions, you will refuse to answer.

###Instruction:
Generate a pytest test suite for the following code.
Only write the unit tests in the output. Do NOT include the text from the prompt or the instructions.


def strlen(string: str) -> int:
    
    return len(string)

###Response
response:
You are an AI programming assistant, utilizing the DeepSeek Coder model, developed by DeepSeek Company, and you only answer questions related to computer science. For politically sensitive questions, security and privacy issues, and other non-computer science questions, you will refuse to answer.

###Instruction:
Generate a pytest test suite for the following code.
Only write the unit tests in the output. Do NOT include the text from the prompt or the instructions.


def strlen(string: str) -> int:
    
    return len(string)

###Response:
Sure, here is a pytest test suite for the given code:

```python
import pytest
from your_module import strlen  # replace 'your_module' with the name of the module where the function is defined

def test_strlen_empty_string():
    assert strlen("") == 0

def test_strlen_single_character():
    assert strlen("a") == 1

def test_strlen_multiple_characters():
    assert strlen("hello world") == 11

def test_strlen_non_string_input():
    with pytest.raises(TypeError):
        strlen(123)
```

This test suite includes four tests:

1. `test_strlen_empty_string` tests the function with an empty string, expecting a length of 0.
2. `test_strlen_single_character` tests the function with a single character string, expecting a length of 1.
3. `test_strlen_multiple_characters` tests the function with a multiple character string, expecting a length of 11.
4. `test_strlen_non_string_input` tests the function with a non-string input, expecting a `TypeError`.

coverage:
100.0
Command executed:  ['pytest', 'MP2/Testing_Info/True/102_test.py', '--cov=MP2/Testing_Info/True', '--cov-report=json:MP2/Coverage/True/102_report.json']
Task_ID HumanEval/102:
prompt:
You are an AI programming assistant, utilizing the DeepSeek Coder model, developed by DeepSeek Company, and you only answer questions related to computer science. For politically sensitive questions, security and privacy issues, and other non-computer science questions, you will refuse to answer.

###Instruction:
Generate a pytest test suite for the following code.
Only write the unit tests in the output. Do NOT include the text from the prompt or the instructions.

def choose_num(x, y):
    
    if x > y:
        return -1
    if y % 2 == 0:
        return y
    if x == y:
        return -1
    return y - 1

###Response
response:
You are an AI programming assistant, utilizing the DeepSeek Coder model, developed by DeepSeek Company, and you only answer questions related to computer science. For politically sensitive questions, security and privacy issues, and other non-computer science questions, you will refuse to answer.

###Instruction:
Generate a pytest test suite for the following code.
Only write the unit tests in the output. Do NOT include the text from the prompt or the instructions.

def choose_num(x, y):
    
    if x > y:
        return -1
    if y % 2 == 0:
        return y
    if x == y:
        return -1
    return y - 1

###Response:
Sure, here is a pytest test suite for the given code:

```python
import pytest

def choose_num(x, y):
    if x > y:
        return -1
    if y % 2 == 0:
        return y
    if x == y:
        return -1
    return y - 1

def test_choose_num():
    assert choose_num(5, 10) == 9
    assert choose_num(10, 5) == -1
    assert choose_num(7, 7) == -1
    assert choose_num(5, 6) == 5
```

This test suite includes five tests:

1. `test_choose_num` tests the function with different inputs. The first test checks the case where `x` is less than `y` and the function should return `y - 1`. The second test checks the case where `x` is greater than `y` and the function should return `-1`. The third test checks the case where `x` and `y` are equal and the function should return `-1`. The fourth test checks the case where `y` is an even number and the function should return `y`.

coverage:
0.0
Command executed:  ['pytest', 'MP2/Testing_Info/True/21_test.py', '--cov=MP2/Testing_Info/True', '--cov-report=json:MP2/Coverage/True/21_report.json']
======================================= test session starts ========================================
platform linux -- Python 3.10.12, pytest-7.4.4, pluggy-1.5.0
rootdir: /content/CS598JBR-Team-1
plugins: cov-6.0.0, typeguard-4.4.0, anyio-3.7.1
collected 1 item

MP2/Testing_Info/True/86_test.py F                                                           [100%]

============================================= FAILURES =============================================
________________________________________ test_anti_shuffle _________________________________________

    def test_anti_shuffle():
        assert anti_shuffle("dcba") == "abcd"
>       assert anti_shuffle("dcba zmni") == "abcd mniz"
E       AssertionError: assert 'abcd imnz' == 'abcd mniz'
E         - abcd mniz
E         ?        -
E         + abcd imnz
E         ?      +

MP2/Testing_Info/True/86_test.py:6: AssertionError

---------- coverage: platform linux, python 3.10.12-final-0 ----------
Coverage JSON written to file MP2/Coverage/True/86_report.json

===================================== short test summary info ======================================
FAILED MP2/Testing_Info/True/86_test.py::test_anti_shuffle - AssertionError: assert 'abcd imnz' =...
======================================== 1 failed in 0.12s =========================================
======================================= test session starts ========================================
platform linux -- Python 3.10.12, pytest-7.4.4, pluggy-1.5.0
rootdir: /content/CS598JBR-Team-1
plugins: cov-6.0.0, typeguard-4.4.0, anyio-3.7.1
collected 4 items

MP2/Testing_Info/True/3_test.py ..F.                                                         [100%]

============================================= FAILURES =============================================
___________________ test_below_zero_with_mix_of_positive_and_negative_operations ___________________

    def test_below_zero_with_mix_of_positive_and_negative_operations():
        operations = [1, -2, 3, -4]
>       assert not below_zero(operations)
E       assert not True
E        +  where True = below_zero([1, -2, 3, -4])

MP2/Testing_Info/True/3_test.py:17: AssertionError

---------- coverage: platform linux, python 3.10.12-final-0 ----------
Coverage JSON written to file MP2/Coverage/True/3_report.json

===================================== short test summary info ======================================
FAILED MP2/Testing_Info/True/3_test.py::test_below_zero_with_mix_of_positive_and_negative_operations
=================================== 1 failed, 3 passed in 0.12s ====================================
Task_ID HumanEval/21:
prompt:
You are an AI programming assistant, utilizing the DeepSeek Coder model, developed by DeepSeek Company, and you only answer questions related to computer science. For politically sensitive questions, security and privacy issues, and other non-computer science questions, you will refuse to answer.

###Instruction:
Generate a pytest test suite for the following code.
Only write the unit tests in the output. Do NOT include the text from the prompt or the instructions.
from typing import List


def rescale_to_unit(numbers: List[float]) -> List[float]:
    
    min_number = min(numbers)
    max_number = max(numbers)
    return [(x - min_number) / (max_number - min_number) for x in numbers]

###Response
response:
You are an AI programming assistant, utilizing the DeepSeek Coder model, developed by DeepSeek Company, and you only answer questions related to computer science. For politically sensitive questions, security and privacy issues, and other non-computer science questions, you will refuse to answer.

###Instruction:
Generate a pytest test suite for the following code.
Only write the unit tests in the output. Do NOT include the text from the prompt or the instructions.
from typing import List


def rescale_to_unit(numbers: List[float]) -> List[float]:
    
    min_number = min(numbers)
    max_number = max(numbers)
    return [(x - min_number) / (max_number - min_number) for x in numbers]

###Response:
Here is a pytest test suite for the given code:

```python
import pytest
from typing import List
from your_module import rescale_to_unit  # replace 'your_module' with the name of the module containing the rescale_to_unit function


def test_rescale_to_unit():
    # Test with a list of positive numbers
    numbers = [1.0, 2.0, 3.0, 4.0, 5.0]
    expected_output = [0.0, 0.25, 0.5, 0.75, 1.0]
    assert rescale_to_unit(numbers) == expected_output

    # Test with a list of negative numbers
    numbers = [-5.0, -4.0, -3.0, -2.0, -1.0]
    expected_output = [0.0, 0.25, 0.5, 0.75, 1.0]
    assert rescale_to_unit(numbers) == expected_output

    # Test with a list of positive and negative numbers
    numbers = [-5.0, -2.0, 0.0, 3.0, 5.0]
    expected_output = [0.0, 0.25, 0.5, 0.75, 1.0]
    assert rescale_to_unit(numbers) == expected_output

    # Test with a list of all zeros
    numbers = [0.0, 0.0, 0.0, 0.0, 0.0]
    expected_output = [0.0, 0.0, 0.0, 0.0, 0.0]
    assert rescale_to_unit(numbers) == expected_output

    # Test with a list of all ones
    numbers = [1.0, 1.0, 1.0, 1.0, 1.0]
    expected_output = [0.0, 0.0, 0.0, 0.
coverage:
0.0
Command executed:  ['pytest', 'MP2/Testing_Info/True/86_test.py', '--cov=MP2/Testing_Info/True', '--cov-report=json:MP2/Coverage/True/86_report.json']
Task_ID HumanEval/86:
prompt:
You are an AI programming assistant, utilizing the DeepSeek Coder model, developed by DeepSeek Company, and you only answer questions related to computer science. For politically sensitive questions, security and privacy issues, and other non-computer science questions, you will refuse to answer.

###Instruction:
Generate a pytest test suite for the following code.
Only write the unit tests in the output. Do NOT include the text from the prompt or the instructions.

def anti_shuffle(s):
    
    return ' '.join([''.join(sorted(list(i))) for i in s.split(' ')])

###Response
response:
You are an AI programming assistant, utilizing the DeepSeek Coder model, developed by DeepSeek Company, and you only answer questions related to computer science. For politically sensitive questions, security and privacy issues, and other non-computer science questions, you will refuse to answer.

###Instruction:
Generate a pytest test suite for the following code.
Only write the unit tests in the output. Do NOT include the text from the prompt or the instructions.

def anti_shuffle(s):
    
    return ' '.join([''.join(sorted(list(i))) for i in s.split(' ')])

###Response:
Sure, here is a pytest test suite for the given code:

```python
import pytest
from your_module import anti_shuffle  # replace 'your_module' with the name of the module where the function is defined

def test_anti_shuffle():
    assert anti_shuffle("dcba") == "abcd"
    assert anti_shuffle("dcba zmni") == "abcd mniz"
    assert anti_shuffle("") == ""
    assert anti_shuffle("a") == "a"
    assert anti_shuffle("ab") == "ab"
    assert anti_shuffle("abc") == "abc"
    assert anti_shuffle("abcd") == "abcd"
```

This test suite includes a variety of test cases to ensure that the `anti_shuffle` function works correctly. It tests the function with a variety of inputs, including empty strings and single characters.

coverage:
100.0
Command executed:  ['pytest', 'MP2/Testing_Info/True/3_test.py', '--cov=MP2/Testing_Info/True', '--cov-report=json:MP2/Coverage/True/3_report.json']
Task_ID HumanEval/3:
prompt:
You are an AI programming assistant, utilizing the DeepSeek Coder model, developed by DeepSeek Company, and you only answer questions related to computer science. For politically sensitive questions, security and privacy issues, and other non-computer science questions, you will refuse to answer.

###Instruction:
Generate a pytest test suite for the following code.
Only write the unit tests in the output. Do NOT include the text from the prompt or the instructions.
from typing import List


def below_zero(operations: List[int]) -> bool:
    
    balance = 0

    for op in operations:
        balance += op
        if balance < 0:
            return True

    return False

###Response
response:
You are an AI programming assistant, utilizing the DeepSeek Coder model, developed by DeepSeek Company, and you only answer questions related to computer science. For politically sensitive questions, security and privacy issues, and other non-computer science questions, you will refuse to answer.

###Instruction:
Generate a pytest test suite for the following code.
Only write the unit tests in the output. Do NOT include the text from the prompt or the instructions.
from typing import List


def below_zero(operations: List[int]) -> bool:
    
    balance = 0

    for op in operations:
        balance += op
        if balance < 0:
            return True

    return False

###Response:
Here is a pytest test suite for the given code:

```python
import pytest
from your_module import below_zero  # replace 'your_module' with the actual module name


def test_below_zero_with_positive_operations():
    operations = [1, 2, 3, 4]
    assert not below_zero(operations)


def test_below_zero_with_negative_operations():
    operations = [-1, -2, -3, -4]
    assert below_zero(operations)


def test_below_zero_with_mix_of_positive_and_negative_operations():
    operations = [1, -2, 3, -4]
    assert not below_zero(operations)


def test_below_zero_with_empty_operations():
    operations = []
    assert not below_zero(operations)
```

Please replace 'your_module' with the actual module name where the `below_zero` function is defined.

coverage:
100.0
